Started GET "/" for 127.0.0.1 at 2018-10-28 15:21:41 +0900
Processing by Rails::WelcomeController#index as HTML
  Parameters: {"internal"=>true}
  Rendering /Users/hiroki/.rbenv/versions/2.3.1/lib/ruby/gems/2.3.0/gems/railties-5.0.7/lib/rails/templates/rails/welcome/index.html.erb
  Rendered /Users/hiroki/.rbenv/versions/2.3.1/lib/ruby/gems/2.3.0/gems/railties-5.0.7/lib/rails/templates/rails/welcome/index.html.erb (4.2ms)
Completed 200 OK in 28ms (Views: 12.6ms | ActiveRecord: 0.0ms)


Started GET "/" for 127.0.0.1 at 2018-10-28 15:21:53 +0900
Processing by Rails::WelcomeController#index as HTML
  Parameters: {"internal"=>true}
  Rendering /Users/hiroki/.rbenv/versions/2.3.1/lib/ruby/gems/2.3.0/gems/railties-5.0.7/lib/rails/templates/rails/welcome/index.html.erb
  Rendered /Users/hiroki/.rbenv/versions/2.3.1/lib/ruby/gems/2.3.0/gems/railties-5.0.7/lib/rails/templates/rails/welcome/index.html.erb (2.7ms)
Completed 200 OK in 10ms (Views: 5.6ms | ActiveRecord: 0.0ms)


Started GET "/" for 127.0.0.1 at 2018-10-28 15:21:55 +0900
Processing by Rails::WelcomeController#index as HTML
  Parameters: {"internal"=>true}
  Rendering /Users/hiroki/.rbenv/versions/2.3.1/lib/ruby/gems/2.3.0/gems/railties-5.0.7/lib/rails/templates/rails/welcome/index.html.erb
  Rendered /Users/hiroki/.rbenv/versions/2.3.1/lib/ruby/gems/2.3.0/gems/railties-5.0.7/lib/rails/templates/rails/welcome/index.html.erb (2.7ms)
Completed 200 OK in 10ms (Views: 6.7ms | ActiveRecord: 0.0ms)


Started GET "/" for 127.0.0.1 at 2018-10-28 15:29:51 +0900
Processing by Rails::WelcomeController#index as HTML
  Parameters: {"internal"=>true}
  Rendering /Users/hiroki/.rbenv/versions/2.3.1/lib/ruby/gems/2.3.0/gems/railties-5.0.7/lib/rails/templates/rails/welcome/index.html.erb
  Rendered /Users/hiroki/.rbenv/versions/2.3.1/lib/ruby/gems/2.3.0/gems/railties-5.0.7/lib/rails/templates/rails/welcome/index.html.erb (4.0ms)
Completed 200 OK in 25ms (Views: 12.0ms | ActiveRecord: 0.0ms)


Started GET "/" for 127.0.0.1 at 2018-10-28 15:29:53 +0900
Processing by Rails::WelcomeController#index as HTML
  Parameters: {"internal"=>true}
  Rendering /Users/hiroki/.rbenv/versions/2.3.1/lib/ruby/gems/2.3.0/gems/railties-5.0.7/lib/rails/templates/rails/welcome/index.html.erb
  Rendered /Users/hiroki/.rbenv/versions/2.3.1/lib/ruby/gems/2.3.0/gems/railties-5.0.7/lib/rails/templates/rails/welcome/index.html.erb (2.4ms)
Completed 200 OK in 8ms (Views: 5.0ms | ActiveRecord: 0.0ms)


